<?xml version="1.0" encoding="UTF-8"?><testrun name="LoginRunner" project="LATAM_Screenplay" tests="4" started="3" failures="2" errors="0" ignored="0">
  <testsuite name="com.latam.certification.runners.LoginRunner" incomplete="true">
    <testsuite name="Feature: Login in LATAM" incomplete="true">
      <testcase name="successful Login in Latam" classname="Login in LATAM" time="38.784"/>
      <testcase name="UnSuccessful Login in Latam" classname="Login in LATAM" time="49.657">
        <failure>java.lang.AssertionError: Unable to login - org.openqa.selenium.NoSuchElementException: no such element: Unable to locate element: {"method":"xpath","selector":"//span[@class='Login-launcherName']"}
  (Session info: chrome=70.0.3538.110)
  (Driver info: chromedriver=2.43.600210 (68dcf5eebde37173d4027fa8635e332711d2874a),platform=Windows NT 10.0.17134 x86_64) (WARNING: The server did not provide any stacktrace information)
Command duration or timeout: 0 milliseconds
For documentation on this error, please visit: http://seleniumhq.org/exceptions/no_such_element.html
Build info: version: '3.12.0', revision: '7c6e0b3', time: '2018-05-08T14:04:26.12Z'
System info: host: 'RC-PC', ip: '192.168.1.51', os.name: 'Windows 10', os.arch: 'amd64', os.version: '10.0', java.version: '1.8.0_161'
Driver info: org.openqa.selenium.remote.RemoteWebDriver
Capabilities {acceptInsecureCerts: false, acceptSslCerts: false, applicationCacheEnabled: false, browserConnectionEnabled: false, browserName: chrome, chrome: {chromedriverVersion: 2.43.600210 (68dcf5eebde371..., userDataDir: C:\Users\SBMEDA~1\AppData\L...}, cssSelectorsEnabled: true, databaseEnabled: false, goog:chromeOptions: {debuggerAddress: localhost:51425}, handlesAlerts: true, hasTouchScreen: false, javascriptEnabled: true, locationContextEnabled: true, mobileEmulationEnabled: false, nativeEvents: true, networkConnectionEnabled: false, pageLoadStrategy: normal, platform: XP, platformName: XP, rotatable: false, setWindowRect: true, takesHeapSnapshot: true, takesScreenshot: true, unexpectedAlertBehaviour: , unhandledPromptBehavior: , version: 70.0.3538.110, webStorageEnabled: true}
Session ID: cfd3a161eec7300f668ed46f84345dcf
*** Element info: {Using=xpath, value=//span[@class='Login-launcherName']}&#13;
	at net.serenitybdd.screenplay.ErrorTally.throwSummaryExceptionFrom(ErrorTally.java:36)&#13;
	at net.serenitybdd.screenplay.ErrorTally.reportAnyErrors(ErrorTally.java:30)&#13;
	at net.serenitybdd.screenplay.Actor.should(Actor.java:187)&#13;
	at com.latam.certification.stepdefinitions.LoginStepDefinitions.sheWillVerifyThatSheEnteredCorrectly(LoginStepDefinitions.java:74)&#13;
	at ✽.she will verify that she entered correctly(src/test/resources/features/login.feature:25)&#13;
&#13;
</failure>
      </testcase>
      <testcase name="UnSuccessful Login in Latam" classname="Login in LATAM" time="43.45">
        <failure>java.lang.AssertionError: Unable to login - org.openqa.selenium.NoSuchElementException: no such element: Unable to locate element: {"method":"xpath","selector":"//span[@class='Login-launcherName']"}
  (Session info: chrome=70.0.3538.110)
  (Driver info: chromedriver=2.43.600210 (68dcf5eebde37173d4027fa8635e332711d2874a),platform=Windows NT 10.0.17134 x86_64) (WARNING: The server did not provide any stacktrace information)
Command duration or timeout: 0 milliseconds
For documentation on this error, please visit: http://seleniumhq.org/exceptions/no_such_element.html
Build info: version: '3.12.0', revision: '7c6e0b3', time: '2018-05-08T14:04:26.12Z'
System info: host: 'RC-PC', ip: '192.168.1.51', os.name: 'Windows 10', os.arch: 'amd64', os.version: '10.0', java.version: '1.8.0_161'
Driver info: org.openqa.selenium.remote.RemoteWebDriver
Capabilities {acceptInsecureCerts: false, acceptSslCerts: false, applicationCacheEnabled: false, browserConnectionEnabled: false, browserName: chrome, chrome: {chromedriverVersion: 2.43.600210 (68dcf5eebde371..., userDataDir: C:\Users\SBMEDA~1\AppData\L...}, cssSelectorsEnabled: true, databaseEnabled: false, goog:chromeOptions: {debuggerAddress: localhost:51549}, handlesAlerts: true, hasTouchScreen: false, javascriptEnabled: true, locationContextEnabled: true, mobileEmulationEnabled: false, nativeEvents: true, networkConnectionEnabled: false, pageLoadStrategy: normal, platform: XP, platformName: XP, rotatable: false, setWindowRect: true, takesHeapSnapshot: true, takesScreenshot: true, unexpectedAlertBehaviour: , unhandledPromptBehavior: , version: 70.0.3538.110, webStorageEnabled: true}
Session ID: b3d5666ffe96ef4a2bdca68f24f7dc4f
*** Element info: {Using=xpath, value=//span[@class='Login-launcherName']}&#13;
	at net.serenitybdd.screenplay.ErrorTally.throwSummaryExceptionFrom(ErrorTally.java:36)&#13;
	at net.serenitybdd.screenplay.ErrorTally.reportAnyErrors(ErrorTally.java:30)&#13;
	at net.serenitybdd.screenplay.Actor.should(Actor.java:187)&#13;
	at com.latam.certification.stepdefinitions.LoginStepDefinitions.sheWillVerifyThatSheEnteredCorrectly(LoginStepDefinitions.java:74)&#13;
	at ✽.she will verify that she entered correctly(src/test/resources/features/login.feature:34)&#13;
&#13;
</failure>
      </testcase>
      <testcase name="UnSuccessful Login in Latam" classname="Login in LATAM" incomplete="true"/>
    </testsuite>
  </testsuite>
</testrun>
