<?xml version="1.0" encoding="UTF-8"?><testrun name="LoginRunner" project="LATAM_Screenplay" tests="4" started="4" failures="2" errors="1" ignored="0">
  <testsuite name="com.latam.certification.runners.LoginRunner" time="199.475">
    <testsuite name="Feature: Login in LATAM" time="199.475">
      <testcase name="successful Login in Latam" classname="Login in LATAM" time="47.124"/>
      <testcase name="UnSuccessful Login in Latam" classname="Login in LATAM" time="46.704">
        <failure>java.lang.AssertionError: Expected condition failed: waiting for By.xpath: //span[@class='Login-launcherName'] to be displayed (tried for 5 second(s) with 100 milliseconds interval)
Build info: version: '3.12.0', revision: '7c6e0b3', time: '2018-05-08T14:04:26.12Z'
System info: host: 'RC-PC', ip: '192.168.1.51', os.name: 'Windows 10', os.arch: 'amd64', os.version: '10.0', java.version: '1.8.0_161'
Driver info: driver.version: unknown&#13;
	at net.serenitybdd.screenplay.ErrorTally.throwSummaryExceptionFrom(ErrorTally.java:36)&#13;
	at net.serenitybdd.screenplay.ErrorTally.reportAnyErrors(ErrorTally.java:30)&#13;
	at net.serenitybdd.screenplay.Actor.should(Actor.java:187)&#13;
	at com.latam.certification.stepdefinitions.LoginStepDefinitions.sheWillVerifyThatSheEnteredCorrectly(LoginStepDefinitions.java:72)&#13;
	at ✽.she will verify that she entered correctly(src/test/resources/features/login.feature:25)&#13;
&#13;
</failure>
      </testcase>
      <testcase name="UnSuccessful Login in Latam" classname="Login in LATAM" time="50.381">
        <error>net.serenitybdd.core.exceptions.SerenityManagedException: The following error occurred: chrome not reachable
  (Session info: chrome=70.0.3538.110)
  (Driver info: chromedriver=2.43.600210 (68dcf5eebde37173d4027fa8635e332711d2874a),platform=Windows NT 10.0.17134 x86_64) (WARNING: The server did not provide any stacktrace information)
Command duration or timeout: 0 milliseconds
Build info: version: '3.12.0', revision: '7c6e0b3', time: '2018-05-08T14:04:26.12Z'
System info: host: 'RC-PC', ip: '192.168.1.51', os.name: 'Windows 10', os.arch: 'amd64', os.version: '10.0', java.version: '1.8.0_161'
Driver info: org.openqa.selenium.remote.RemoteWebDriver
Capabilities {acceptInsecureCerts: false, acceptSslCerts: false, applicationCacheEnabled: false, browserConnectionEnabled: false, browserName: chrome, chrome: {chromedriverVersion: 2.43.600210 (68dcf5eebde371..., userDataDir: C:\Users\SBMEDA~1\AppData\L...}, cssSelectorsEnabled: true, databaseEnabled: false, goog:chromeOptions: {debuggerAddress: localhost:53975}, handlesAlerts: true, hasTouchScreen: false, javascriptEnabled: true, locationContextEnabled: true, mobileEmulationEnabled: false, nativeEvents: true, networkConnectionEnabled: false, pageLoadStrategy: normal, platform: XP, platformName: XP, rotatable: false, setWindowRect: true, takesHeapSnapshot: true, takesScreenshot: true, unexpectedAlertBehaviour: , unhandledPromptBehavior: , version: 70.0.3538.110, webStorageEnabled: true}
Session ID: c0a2dc3e6b448e35e482b20ea4775954
*** Element info: {Using=xpath, value=//a[@class='Header-complementaryLink Header-loginBtn']}&#13;
	at sun.reflect.NativeConstructorAccessorImpl.newInstance0(Native Method)&#13;
	at sun.reflect.NativeConstructorAccessorImpl.newInstance(Unknown Source)&#13;
	at sun.reflect.DelegatingConstructorAccessorImpl.newInstance(Unknown Source)&#13;
	at java.lang.reflect.Constructor.newInstance(Unknown Source)&#13;
	at org.openqa.selenium.remote.ErrorHandler.createThrowable(ErrorHandler.java:214)&#13;
	at org.openqa.selenium.remote.ErrorHandler.throwIfResponseFailed(ErrorHandler.java:166)&#13;
	at org.openqa.selenium.remote.http.JsonHttpResponseCodec.reconstructValue(JsonHttpResponseCodec.java:40)&#13;
	at org.openqa.selenium.remote.http.AbstractHttpResponseCodec.decode(AbstractHttpResponseCodec.java:80)&#13;
	at org.openqa.selenium.remote.http.AbstractHttpResponseCodec.decode(AbstractHttpResponseCodec.java:44)&#13;
	at org.openqa.selenium.remote.HttpCommandExecutor.execute(HttpCommandExecutor.java:158)&#13;
	at org.openqa.selenium.remote.RemoteWebDriver.execute(RemoteWebDriver.java:543)&#13;
	at org.openqa.selenium.remote.RemoteWebDriver.findElement(RemoteWebDriver.java:317)&#13;
	at org.openqa.selenium.remote.RemoteWebDriver.findElementByXPath(RemoteWebDriver.java:419)&#13;
	at org.openqa.selenium.By$ByXPath.findElement(By.java:353)&#13;
	at org.openqa.selenium.remote.RemoteWebDriver.findElement(RemoteWebDriver.java:309)&#13;
	at net.thucydides.core.webdriver.WebDriverFacade.findElement(WebDriverFacade.java:231)&#13;
	at net.serenitybdd.core.pages.WebElementResolverByLocator.resolveForDriver(WebElementResolverByLocator.java:16)&#13;
	at net.serenitybdd.core.pages.WebElementFacadeImpl.getElement(WebElementFacadeImpl.java:208)&#13;
	at net.serenitybdd.core.pages.WebElementExpectations$3.apply(WebElementExpectations.java:63)&#13;
	at net.serenitybdd.core.pages.WebElementExpectations$3.apply(WebElementExpectations.java:55)&#13;
	at org.openqa.selenium.support.ui.FluentWait.until(FluentWait.java:248)&#13;
	at net.serenitybdd.core.pages.WebElementFacadeImpl.waitUntilEnabled(WebElementFacadeImpl.java:960)&#13;
	at net.serenitybdd.core.pages.WebElementFacadeImpl.waitUntilElementAvailable(WebElementFacadeImpl.java:802)&#13;
	at net.serenitybdd.core.pages.WebElementFacadeImpl.click(WebElementFacadeImpl.java:1039)&#13;
	at net.serenitybdd.screenplay.actions.ClickOnTarget.performAs(ClickOnTarget.java:13)&#13;
	at net.serenitybdd.screenplay.actions.ClickOnTarget$$EnhancerByCGLIB$$e3f2ec6d.CGLIB$performAs$0(&lt;generated&gt;)&#13;
	at net.serenitybdd.screenplay.actions.ClickOnTarget$$EnhancerByCGLIB$$e3f2ec6d$$FastClassByCGLIB$$eb009f51.invoke(&lt;generated&gt;)&#13;
	at net.sf.cglib.proxy.MethodProxy.invokeSuper(MethodProxy.java:228)&#13;
	at net.thucydides.core.steps.StepInterceptor.invokeMethod(StepInterceptor.java:449)&#13;
	at net.thucydides.core.steps.StepInterceptor.executeTestStepMethod(StepInterceptor.java:434)&#13;
	at net.thucydides.core.steps.StepInterceptor.runTestStep(StepInterceptor.java:409)&#13;
	at net.thucydides.core.steps.StepInterceptor.runOrSkipMethod(StepInterceptor.java:150)&#13;
	at net.thucydides.core.steps.StepInterceptor.testStepResult(StepInterceptor.java:137)&#13;
	at net.thucydides.core.steps.StepInterceptor.intercept(StepInterceptor.java:68)&#13;
	at net.serenitybdd.screenplay.actions.ClickOnTarget$$EnhancerByCGLIB$$e3f2ec6d.performAs(&lt;generated&gt;)&#13;
	at net.serenitybdd.screenplay.Actor.perform(Actor.java:106)&#13;
	at net.serenitybdd.screenplay.Actor.attemptsTo(Actor.java:90)&#13;
	at com.latam.certification.tasks.Login.performAs(Login.java:21)&#13;
	at com.latam.certification.tasks.Login$$EnhancerByCGLIB$$3922561b.CGLIB$performAs$0(&lt;generated&gt;)&#13;
	at com.latam.certification.tasks.Login$$EnhancerByCGLIB$$3922561b$$FastClassByCGLIB$$99e40c59.invoke(&lt;generated&gt;)&#13;
	at net.sf.cglib.proxy.MethodProxy.invokeSuper(MethodProxy.java:228)&#13;
	at net.thucydides.core.steps.StepInterceptor.invokeMethod(StepInterceptor.java:449)&#13;
	at net.thucydides.core.steps.StepInterceptor.executeTestStepMethod(StepInterceptor.java:434)&#13;
	at net.thucydides.core.steps.StepInterceptor.runTestStep(StepInterceptor.java:409)&#13;
	at net.thucydides.core.steps.StepInterceptor.runOrSkipMethod(StepInterceptor.java:150)&#13;
	at net.thucydides.core.steps.StepInterceptor.testStepResult(StepInterceptor.java:137)&#13;
	at net.thucydides.core.steps.StepInterceptor.intercept(StepInterceptor.java:68)&#13;
	at com.latam.certification.tasks.Login$$EnhancerByCGLIB$$3922561b.performAs(&lt;generated&gt;)&#13;
	at net.serenitybdd.screenplay.Actor.perform(Actor.java:106)&#13;
	at net.serenitybdd.screenplay.Actor.attemptsTo(Actor.java:90)&#13;
	at net.serenitybdd.screenplay.Actor.wasAbleTo(Actor.java:84)&#13;
	at com.latam.certification.stepdefinitions.LoginStepDefinitions.thatAliceWantedToLogin(LoginStepDefinitions.java:52)&#13;
	at ✽.that alice wanted to login(src/test/resources/features/login.feature:30)&#13;
&#13;
</error>
      </testcase>
      <testcase name="UnSuccessful Login in Latam" classname="Login in LATAM" time="55.255">
        <failure>java.lang.AssertionError: Expected condition failed: waiting for By.xpath: //span[@class='Login-launcherName'] to be displayed (tried for 5 second(s) with 100 milliseconds interval)
Build info: version: '3.12.0', revision: '7c6e0b3', time: '2018-05-08T14:04:26.12Z'
System info: host: 'RC-PC', ip: '192.168.1.51', os.name: 'Windows 10', os.arch: 'amd64', os.version: '10.0', java.version: '1.8.0_161'
Driver info: driver.version: unknown&#13;
	at net.serenitybdd.screenplay.ErrorTally.throwSummaryExceptionFrom(ErrorTally.java:36)&#13;
	at net.serenitybdd.screenplay.ErrorTally.reportAnyErrors(ErrorTally.java:30)&#13;
	at net.serenitybdd.screenplay.Actor.should(Actor.java:187)&#13;
	at com.latam.certification.stepdefinitions.LoginStepDefinitions.sheWillVerifyThatSheEnteredCorrectly(LoginStepDefinitions.java:72)&#13;
	at ✽.she will verify that she entered correctly(src/test/resources/features/login.feature:43)&#13;
&#13;
</failure>
      </testcase>
    </testsuite>
  </testsuite>
</testrun>
