<?xml version="1.0" encoding="UTF-8"?><testrun name="SearchFlightRunner" project="LATAM_Screenplay" tests="1" started="1" failures="0" errors="1" ignored="0">
  <testsuite name="com.latam.certification.runners.SearchFlightRunner" time="62.418">
    <testsuite name="Feature: To look for a flight in LATAM" time="62.418">
      <testcase name="To look for flights in Latam" classname="To look for a flight in LATAM" time="62.418">
        <error>net.thucydides.core.webdriver.exceptions.ElementShouldBeEnabledException: Expected enabled element was not enabled&#13;
	at net.serenitybdd.core.pages.WebElementFacadeImpl.waitUntilEnabled(WebElementFacadeImpl.java:963)&#13;
	at net.serenitybdd.core.pages.WebElementFacadeImpl.waitUntilElementAvailable(WebElementFacadeImpl.java:802)&#13;
	at net.serenitybdd.core.pages.WebElementFacadeImpl.click(WebElementFacadeImpl.java:1039)&#13;
	at net.serenitybdd.screenplay.actions.ClickOnTarget.performAs(ClickOnTarget.java:13)&#13;
	at net.serenitybdd.screenplay.actions.ClickOnTarget$$EnhancerByCGLIB$$e3f2ec6d.CGLIB$performAs$0(&lt;generated&gt;)&#13;
	at net.serenitybdd.screenplay.actions.ClickOnTarget$$EnhancerByCGLIB$$e3f2ec6d$$FastClassByCGLIB$$eb009f51.invoke(&lt;generated&gt;)&#13;
	at net.sf.cglib.proxy.MethodProxy.invokeSuper(MethodProxy.java:228)&#13;
	at net.thucydides.core.steps.StepInterceptor.invokeMethod(StepInterceptor.java:449)&#13;
	at net.thucydides.core.steps.StepInterceptor.executeTestStepMethod(StepInterceptor.java:434)&#13;
	at net.thucydides.core.steps.StepInterceptor.runTestStep(StepInterceptor.java:409)&#13;
	at net.thucydides.core.steps.StepInterceptor.runOrSkipMethod(StepInterceptor.java:150)&#13;
	at net.thucydides.core.steps.StepInterceptor.testStepResult(StepInterceptor.java:137)&#13;
	at net.thucydides.core.steps.StepInterceptor.intercept(StepInterceptor.java:68)&#13;
	at net.serenitybdd.screenplay.actions.ClickOnTarget$$EnhancerByCGLIB$$e3f2ec6d.performAs(&lt;generated&gt;)&#13;
	at net.serenitybdd.screenplay.Actor.perform(Actor.java:106)&#13;
	at net.serenitybdd.screenplay.Actor.attemptsTo(Actor.java:90)&#13;
	at net.serenitybdd.screenplay.conditions.ConditionalPerformable.performAs(ConditionalPerformable.java:32)&#13;
	at net.serenitybdd.screenplay.Actor.perform(Actor.java:106)&#13;
	at net.serenitybdd.screenplay.Actor.attemptsTo(Actor.java:90)&#13;
	at com.latam.certification.tasks.EnterDataSearch.performAs(EnterDataSearch.java:26)&#13;
	at com.latam.certification.tasks.EnterDataSearch$$EnhancerByCGLIB$$52199446.CGLIB$performAs$0(&lt;generated&gt;)&#13;
	at com.latam.certification.tasks.EnterDataSearch$$EnhancerByCGLIB$$52199446$$FastClassByCGLIB$$e37a7042.invoke(&lt;generated&gt;)&#13;
	at net.sf.cglib.proxy.MethodProxy.invokeSuper(MethodProxy.java:228)&#13;
	at net.thucydides.core.steps.BaseMethodRunner.invokeMethod(BaseMethodRunner.java:10)&#13;
	at net.thucydides.core.steps.NormalMethodRunner.invokeMethodAndNotifyFailures(NormalMethodRunner.java:20)&#13;
	at net.thucydides.core.steps.StepInterceptor.runNormalMethod(StepInterceptor.java:361)&#13;
	at net.thucydides.core.steps.StepInterceptor.testStepResult(StepInterceptor.java:132)&#13;
	at net.thucydides.core.steps.StepInterceptor.intercept(StepInterceptor.java:68)&#13;
	at com.latam.certification.tasks.EnterDataSearch$$EnhancerByCGLIB$$52199446.performAs(&lt;generated&gt;)&#13;
	at net.serenitybdd.screenplay.Actor.perform(Actor.java:106)&#13;
	at net.serenitybdd.screenplay.Actor.attemptsTo(Actor.java:90)&#13;
	at com.latam.certification.stepdefinitions.SearchFlightStepDefinitions.aliceEntersTheSearchCriteria(SearchFlightStepDefinitions.java:48)&#13;
	at âœ½.alice enters the search criteria(src/test/resources/features/search_flight.feature:19)&#13;
Caused by: org.openqa.selenium.TimeoutException: Expected condition failed: waiting for By.xpath: //div[contains(@class,'check-btn col-sm-3 active')]//label[contains(@data-value,'showDepartureOnly')]//span//span to be enabled (tried for 5 second(s) with 100 milliseconds interval)&#13;
	at org.openqa.selenium.support.ui.FluentWait.timeoutException(FluentWait.java:303)&#13;
	at org.openqa.selenium.support.ui.FluentWait.until(FluentWait.java:271)&#13;
	at net.serenitybdd.core.pages.WebElementFacadeImpl.waitUntilEnabled(WebElementFacadeImpl.java:960)&#13;
	at net.serenitybdd.core.pages.WebElementFacadeImpl.waitUntilElementAvailable(WebElementFacadeImpl.java:802)&#13;
	at net.serenitybdd.core.pages.WebElementFacadeImpl.click(WebElementFacadeImpl.java:1039)&#13;
	at net.serenitybdd.screenplay.actions.ClickOnTarget.performAs(ClickOnTarget.java:13)&#13;
	at net.serenitybdd.screenplay.actions.ClickOnTarget$$EnhancerByCGLIB$$e3f2ec6d.CGLIB$performAs$0(&lt;generated&gt;)&#13;
	at net.serenitybdd.screenplay.actions.ClickOnTarget$$EnhancerByCGLIB$$e3f2ec6d$$FastClassByCGLIB$$eb009f51.invoke(&lt;generated&gt;)&#13;
	at net.sf.cglib.proxy.MethodProxy.invokeSuper(MethodProxy.java:228)&#13;
	at net.thucydides.core.steps.StepInterceptor.invokeMethod(StepInterceptor.java:449)&#13;
	at net.thucydides.core.steps.StepInterceptor.executeTestStepMethod(StepInterceptor.java:434)&#13;
	at net.thucydides.core.steps.StepInterceptor.runTestStep(StepInterceptor.java:409)&#13;
	at net.thucydides.core.steps.StepInterceptor.runOrSkipMethod(StepInterceptor.java:150)&#13;
	at net.thucydides.core.steps.StepInterceptor.testStepResult(StepInterceptor.java:137)&#13;
	at net.thucydides.core.steps.StepInterceptor.intercept(StepInterceptor.java:68)&#13;
	at net.serenitybdd.screenplay.actions.ClickOnTarget$$EnhancerByCGLIB$$e3f2ec6d.performAs(&lt;generated&gt;)&#13;
	at net.serenitybdd.screenplay.Actor.perform(Actor.java:106)&#13;
	at net.serenitybdd.screenplay.Actor.attemptsTo(Actor.java:90)&#13;
	at net.serenitybdd.screenplay.conditions.ConditionalPerformable.performAs(ConditionalPerformable.java:32)&#13;
	at net.serenitybdd.screenplay.Actor.perform(Actor.java:106)&#13;
	at net.serenitybdd.screenplay.Actor.attemptsTo(Actor.java:90)&#13;
	at com.latam.certification.tasks.EnterDataSearch.performAs(EnterDataSearch.java:26)&#13;
	at com.latam.certification.tasks.EnterDataSearch$$EnhancerByCGLIB$$52199446.CGLIB$performAs$0(&lt;generated&gt;)&#13;
	at com.latam.certification.tasks.EnterDataSearch$$EnhancerByCGLIB$$52199446$$FastClassByCGLIB$$e37a7042.invoke(&lt;generated&gt;)&#13;
	at net.sf.cglib.proxy.MethodProxy.invokeSuper(MethodProxy.java:228)&#13;
	at net.thucydides.core.steps.BaseMethodRunner.invokeMethod(BaseMethodRunner.java:10)&#13;
	at net.thucydides.core.steps.NormalMethodRunner.invokeMethodAndNotifyFailures(NormalMethodRunner.java:20)&#13;
	at net.thucydides.core.steps.StepInterceptor.runNormalMethod(StepInterceptor.java:361)&#13;
	at net.thucydides.core.steps.StepInterceptor.testStepResult(StepInterceptor.java:132)&#13;
	at net.thucydides.core.steps.StepInterceptor.intercept(StepInterceptor.java:68)&#13;
	at com.latam.certification.tasks.EnterDataSearch$$EnhancerByCGLIB$$52199446.performAs(&lt;generated&gt;)&#13;
	at net.serenitybdd.screenplay.Actor.perform(Actor.java:106)&#13;
	at net.serenitybdd.screenplay.Actor.attemptsTo(Actor.java:90)&#13;
	at com.latam.certification.stepdefinitions.SearchFlightStepDefinitions.aliceEntersTheSearchCriteria(SearchFlightStepDefinitions.java:48)&#13;
	at sun.reflect.NativeMethodAccessorImpl.invoke0(Native Method)&#13;
	at sun.reflect.NativeMethodAccessorImpl.invoke(Unknown Source)&#13;
	at sun.reflect.DelegatingMethodAccessorImpl.invoke(Unknown Source)&#13;
	at java.lang.reflect.Method.invoke(Unknown Source)&#13;
	at cucumber.runtime.Utils$1.call(Utils.java:32)&#13;
	at cucumber.runtime.Timeout.timeout(Timeout.java:16)&#13;
	at cucumber.runtime.Utils.invoke(Utils.java:26)&#13;
	at cucumber.runtime.java.JavaStepDefinition.execute(JavaStepDefinition.java:37)&#13;
	at cucumber.runtime.StepDefinitionMatch.runStep(StepDefinitionMatch.java:40)&#13;
	at cucumber.api.TestStep.executeStep(TestStep.java:102)&#13;
	at cucumber.api.TestStep.run(TestStep.java:83)&#13;
	at cucumber.api.TestCase.run(TestCase.java:58)&#13;
	at cucumber.runner.Runner.runPickle(Runner.java:80)&#13;
	at cucumber.runtime.junit.PickleRunners$NoStepDescriptions.run(PickleRunners.java:140)&#13;
	at cucumber.runtime.junit.FeatureRunner.runChild(FeatureRunner.java:68)&#13;
	at cucumber.runtime.junit.FeatureRunner.runChild(FeatureRunner.java:23)&#13;
	at org.junit.runners.ParentRunner$3.run(ParentRunner.java:290)&#13;
	at org.junit.runners.ParentRunner$1.schedule(ParentRunner.java:71)&#13;
	at org.junit.runners.ParentRunner.runChildren(ParentRunner.java:288)&#13;
	at org.junit.runners.ParentRunner.access$000(ParentRunner.java:58)&#13;
	at org.junit.runners.ParentRunner$2.evaluate(ParentRunner.java:268)&#13;
	at org.junit.runners.ParentRunner.run(ParentRunner.java:363)&#13;
	at cucumber.runtime.junit.FeatureRunner.run(FeatureRunner.java:73)&#13;
	at cucumber.api.junit.Cucumber.runChild(Cucumber.java:117)&#13;
	at cucumber.api.junit.Cucumber.runChild(Cucumber.java:55)&#13;
	at org.junit.runners.ParentRunner$3.run(ParentRunner.java:290)&#13;
	at org.junit.runners.ParentRunner$1.schedule(ParentRunner.java:71)&#13;
	at org.junit.runners.ParentRunner.runChildren(ParentRunner.java:288)&#13;
	at org.junit.runners.ParentRunner.access$000(ParentRunner.java:58)&#13;
	at org.junit.runners.ParentRunner$2.evaluate(ParentRunner.java:268)&#13;
	at cucumber.api.junit.Cucumber$1.evaluate(Cucumber.java:126)&#13;
	at org.junit.runners.ParentRunner.run(ParentRunner.java:363)&#13;
	at org.eclipse.jdt.internal.junit4.runner.JUnit4TestReference.run(JUnit4TestReference.java:86)&#13;
	at org.eclipse.jdt.internal.junit.runner.TestExecution.run(TestExecution.java:38)&#13;
	at org.eclipse.jdt.internal.junit.runner.RemoteTestRunner.runTests(RemoteTestRunner.java:538)&#13;
	at org.eclipse.jdt.internal.junit.runner.RemoteTestRunner.runTests(RemoteTestRunner.java:760)&#13;
	at org.eclipse.jdt.internal.junit.runner.RemoteTestRunner.run(RemoteTestRunner.java:460)&#13;
	at org.eclipse.jdt.internal.junit.runner.RemoteTestRunner.main(RemoteTestRunner.java:206)&#13;
Caused by: org.openqa.selenium.NoSuchElementException: no such element: Unable to locate element: {"method":"xpath","selector":"//div[contains(@class,'check-btn col-sm-3 active')]//label[contains(@data-value,'showDepartureOnly')]//span//span"}
  (Session info: chrome=70.0.3538.110)
  (Driver info: chromedriver=2.43.600210 (68dcf5eebde37173d4027fa8635e332711d2874a),platform=Windows NT 10.0.17134 x86_64) (WARNING: The server did not provide any stacktrace information)
Command duration or timeout: 0 milliseconds
For documentation on this error, please visit: http://seleniumhq.org/exceptions/no_such_element.html
Build info: version: '3.12.0', revision: '7c6e0b3', time: '2018-05-08T14:04:26.12Z'
System info: host: 'RC-PC', ip: '192.168.1.51', os.name: 'Windows 10', os.arch: 'amd64', os.version: '10.0', java.version: '1.8.0_161'
Driver info: org.openqa.selenium.remote.RemoteWebDriver
Capabilities {acceptInsecureCerts: false, acceptSslCerts: false, applicationCacheEnabled: false, browserConnectionEnabled: false, browserName: chrome, chrome: {chromedriverVersion: 2.43.600210 (68dcf5eebde371..., userDataDir: C:\Users\SBMEDA~1\AppData\L...}, cssSelectorsEnabled: true, databaseEnabled: false, goog:chromeOptions: {debuggerAddress: localhost:54768}, handlesAlerts: true, hasTouchScreen: false, javascriptEnabled: true, locationContextEnabled: true, mobileEmulationEnabled: false, nativeEvents: true, networkConnectionEnabled: false, pageLoadStrategy: normal, platform: XP, platformName: XP, rotatable: false, setWindowRect: true, takesHeapSnapshot: true, takesScreenshot: true, unexpectedAlertBehaviour: , unhandledPromptBehavior: , version: 70.0.3538.110, webStorageEnabled: true}
Session ID: 8c03f08f9cdd77ea06d2dbd78391e34d
*** Element info: {Using=xpath, value=//div[contains(@class,'check-btn col-sm-3 active')]//label[contains(@data-value,'showDepartureOnly')]//span//span}&#13;
	at sun.reflect.NativeConstructorAccessorImpl.newInstance0(Native Method)&#13;
	at sun.reflect.NativeConstructorAccessorImpl.newInstance(Unknown Source)&#13;
	at sun.reflect.DelegatingConstructorAccessorImpl.newInstance(Unknown Source)&#13;
	at java.lang.reflect.Constructor.newInstance(Unknown Source)&#13;
	at org.openqa.selenium.remote.ErrorHandler.createThrowable(ErrorHandler.java:214)&#13;
	at org.openqa.selenium.remote.ErrorHandler.throwIfResponseFailed(ErrorHandler.java:166)&#13;
	at org.openqa.selenium.remote.http.JsonHttpResponseCodec.reconstructValue(JsonHttpResponseCodec.java:40)&#13;
	at org.openqa.selenium.remote.http.AbstractHttpResponseCodec.decode(AbstractHttpResponseCodec.java:80)&#13;
	at org.openqa.selenium.remote.http.AbstractHttpResponseCodec.decode(AbstractHttpResponseCodec.java:44)&#13;
	at org.openqa.selenium.remote.HttpCommandExecutor.execute(HttpCommandExecutor.java:158)&#13;
	at org.openqa.selenium.remote.RemoteWebDriver.execute(RemoteWebDriver.java:543)&#13;
	at org.openqa.selenium.remote.RemoteWebDriver.findElement(RemoteWebDriver.java:317)&#13;
	at org.openqa.selenium.remote.RemoteWebDriver.findElementByXPath(RemoteWebDriver.java:419)&#13;
	at org.openqa.selenium.By$ByXPath.findElement(By.java:353)&#13;
	at org.openqa.selenium.remote.RemoteWebDriver.findElement(RemoteWebDriver.java:309)&#13;
	at net.thucydides.core.webdriver.WebDriverFacade.findElement(WebDriverFacade.java:231)&#13;
	at net.serenitybdd.core.pages.WebElementResolverByLocator.resolveForDriver(WebElementResolverByLocator.java:16)&#13;
	at net.serenitybdd.core.pages.WebElementFacadeImpl.getElement(WebElementFacadeImpl.java:208)&#13;
	at net.serenitybdd.core.pages.WebElementExpectations$3.apply(WebElementExpectations.java:63)&#13;
	at net.serenitybdd.core.pages.WebElementExpectations$3.apply(WebElementExpectations.java:55)&#13;
	at org.openqa.selenium.support.ui.FluentWait.until(FluentWait.java:248)&#13;
	... 70 more&#13;
&#13;
</error>
      </testcase>
    </testsuite>
  </testsuite>
</testrun>
