<?xml version="1.0" encoding="UTF-8"?><testrun name="LoginRunner" project="LATAM_Screenplay" tests="4" started="4" failures="1" errors="2" ignored="0">
  <testsuite name="com.latam.certification.runners.LoginRunner" time="157.391">
    <testsuite name="Feature: Login in LATAM" time="157.391">
      <testcase name="Successful Login in Latam" classname="Login in LATAM" time="40.165"/>
      <testcase name="UnSuccessful Login in Latam" classname="Login in LATAM" time="22.058">
        <error>org.openqa.selenium.NoSuchWindowException: no such window: target window already closed
from unknown error: web view not found
  (Session info: chrome=70.0.3538.110)
  (Driver info: chromedriver=2.43.600210 (68dcf5eebde37173d4027fa8635e332711d2874a),platform=Windows NT 10.0.17134 x86_64) (WARNING: The server did not provide any stacktrace information)
Command duration or timeout: 0 milliseconds
Build info: version: '3.12.0', revision: '7c6e0b3', time: '2018-05-08T14:04:26.12Z'
System info: host: 'RC-PC', ip: '192.168.1.51', os.name: 'Windows 10', os.arch: 'amd64', os.version: '10.0', java.version: '1.8.0_161'
Driver info: org.openqa.selenium.remote.RemoteWebDriver
Capabilities {acceptInsecureCerts: false, acceptSslCerts: false, applicationCacheEnabled: false, browserConnectionEnabled: false, browserName: chrome, chrome: {chromedriverVersion: 2.43.600210 (68dcf5eebde371..., userDataDir: C:\Users\SBMEDA~1\AppData\L...}, cssSelectorsEnabled: true, databaseEnabled: false, goog:chromeOptions: {debuggerAddress: localhost:51833}, handlesAlerts: true, hasTouchScreen: false, javascriptEnabled: true, locationContextEnabled: true, mobileEmulationEnabled: false, nativeEvents: true, networkConnectionEnabled: false, pageLoadStrategy: normal, platform: XP, platformName: XP, rotatable: false, setWindowRect: true, takesHeapSnapshot: true, takesScreenshot: true, unexpectedAlertBehaviour: , unhandledPromptBehavior: , version: 70.0.3538.110, webStorageEnabled: true}
Session ID: 95c8529c0b8bb84ec3f54ee67e228d5c
*** Element info: {Using=id, value=password}&#13;
	at sun.reflect.NativeConstructorAccessorImpl.newInstance0(Native Method)&#13;
	at sun.reflect.NativeConstructorAccessorImpl.newInstance(Unknown Source)&#13;
	at sun.reflect.DelegatingConstructorAccessorImpl.newInstance(Unknown Source)&#13;
	at java.lang.reflect.Constructor.newInstance(Unknown Source)&#13;
	at org.openqa.selenium.remote.ErrorHandler.createThrowable(ErrorHandler.java:214)&#13;
	at org.openqa.selenium.remote.ErrorHandler.throwIfResponseFailed(ErrorHandler.java:166)&#13;
	at org.openqa.selenium.remote.http.JsonHttpResponseCodec.reconstructValue(JsonHttpResponseCodec.java:40)&#13;
	at org.openqa.selenium.remote.http.AbstractHttpResponseCodec.decode(AbstractHttpResponseCodec.java:80)&#13;
	at org.openqa.selenium.remote.http.AbstractHttpResponseCodec.decode(AbstractHttpResponseCodec.java:44)&#13;
	at org.openqa.selenium.remote.HttpCommandExecutor.execute(HttpCommandExecutor.java:158)&#13;
	at org.openqa.selenium.remote.RemoteWebDriver.execute(RemoteWebDriver.java:543)&#13;
	at org.openqa.selenium.remote.RemoteWebDriver.findElement(RemoteWebDriver.java:317)&#13;
	at org.openqa.selenium.remote.RemoteWebDriver.findElementById(RemoteWebDriver.java:363)&#13;
	at org.openqa.selenium.By$ById.findElement(By.java:188)&#13;
	at org.openqa.selenium.remote.RemoteWebDriver.findElement(RemoteWebDriver.java:309)&#13;
	at net.thucydides.core.webdriver.WebDriverFacade.findElement(WebDriverFacade.java:231)&#13;
	at net.serenitybdd.core.pages.WebElementResolverByLocator.resolveForDriver(WebElementResolverByLocator.java:16)&#13;
	at net.serenitybdd.core.pages.WebElementFacadeImpl.getElement(WebElementFacadeImpl.java:208)&#13;
	at net.serenitybdd.core.pages.WebElementExpectations$3.apply(WebElementExpectations.java:63)&#13;
	at net.serenitybdd.core.pages.WebElementExpectations$3.apply(WebElementExpectations.java:55)&#13;
	at org.openqa.selenium.support.ui.FluentWait.until(FluentWait.java:248)&#13;
	at net.serenitybdd.core.pages.WebElementFacadeImpl.waitUntilEnabled(WebElementFacadeImpl.java:960)&#13;
	at net.serenitybdd.core.pages.WebElementFacadeImpl.waitUntilElementAvailable(WebElementFacadeImpl.java:802)&#13;
	at net.serenitybdd.core.pages.WebElementFacadeImpl.type(WebElementFacadeImpl.java:683)&#13;
	at net.serenitybdd.screenplay.actions.EnterValueIntoTarget.performAs(EnterValueIntoTarget.java:18)&#13;
	at net.serenitybdd.screenplay.actions.EnterValueIntoTarget$$EnhancerByCGLIB$$4e987eb1.CGLIB$performAs$0(&lt;generated&gt;)&#13;
	at net.serenitybdd.screenplay.actions.EnterValueIntoTarget$$EnhancerByCGLIB$$4e987eb1$$FastClassByCGLIB$$da8429ac.invoke(&lt;generated&gt;)&#13;
	at net.sf.cglib.proxy.MethodProxy.invokeSuper(MethodProxy.java:228)&#13;
	at net.thucydides.core.steps.StepInterceptor.invokeMethod(StepInterceptor.java:449)&#13;
	at net.thucydides.core.steps.StepInterceptor.executeTestStepMethod(StepInterceptor.java:434)&#13;
	at net.thucydides.core.steps.StepInterceptor.runTestStep(StepInterceptor.java:409)&#13;
	at net.thucydides.core.steps.StepInterceptor.runOrSkipMethod(StepInterceptor.java:150)&#13;
	at net.thucydides.core.steps.StepInterceptor.testStepResult(StepInterceptor.java:137)&#13;
	at net.thucydides.core.steps.StepInterceptor.intercept(StepInterceptor.java:68)&#13;
	at net.serenitybdd.screenplay.actions.EnterValueIntoTarget$$EnhancerByCGLIB$$4e987eb1.performAs(&lt;generated&gt;)&#13;
	at net.serenitybdd.screenplay.Actor.perform(Actor.java:106)&#13;
	at net.serenitybdd.screenplay.Actor.attemptsTo(Actor.java:90)&#13;
	at com.latam.certification.tasks.EnterDataLogin.performAs(EnterDataLogin.java:23)&#13;
	at com.latam.certification.tasks.EnterDataLogin$$EnhancerByCGLIB$$5d818d9d.CGLIB$performAs$1(&lt;generated&gt;)&#13;
	at com.latam.certification.tasks.EnterDataLogin$$EnhancerByCGLIB$$5d818d9d$$FastClassByCGLIB$$eb1cdaba.invoke(&lt;generated&gt;)&#13;
	at net.sf.cglib.proxy.MethodProxy.invokeSuper(MethodProxy.java:228)&#13;
	at net.thucydides.core.steps.BaseMethodRunner.invokeMethod(BaseMethodRunner.java:10)&#13;
	at net.thucydides.core.steps.NormalMethodRunner.invokeMethodAndNotifyFailures(NormalMethodRunner.java:20)&#13;
	at net.thucydides.core.steps.StepInterceptor.runNormalMethod(StepInterceptor.java:361)&#13;
	at net.thucydides.core.steps.StepInterceptor.testStepResult(StepInterceptor.java:132)&#13;
	at net.thucydides.core.steps.StepInterceptor.intercept(StepInterceptor.java:68)&#13;
	at com.latam.certification.tasks.EnterDataLogin$$EnhancerByCGLIB$$5d818d9d.performAs(&lt;generated&gt;)&#13;
	at net.serenitybdd.screenplay.Actor.perform(Actor.java:106)&#13;
	at net.serenitybdd.screenplay.Actor.attemptsTo(Actor.java:90)&#13;
	at com.latam.certification.stepdefinitions.LoginStepDefinitions.sheEntersToHerAccountWithHerInformation(LoginStepDefinitions.java:64)&#13;
	at âœ½.she enters to her account with her information(src/test/resources/features/login.feature:22)&#13;
&#13;
</error>
      </testcase>
      <testcase name="UnSuccessful Login in Latam" classname="Login in LATAM" time="50.379">
        <error>net.serenitybdd.core.exceptions.SerenityManagedException: The following error occurred: chrome not reachable
  (Session info: chrome=70.0.3538.110)
  (Driver info: chromedriver=2.43.600210 (68dcf5eebde37173d4027fa8635e332711d2874a),platform=Windows NT 10.0.17134 x86_64) (WARNING: The server did not provide any stacktrace information)
Command duration or timeout: 0 milliseconds
Build info: version: '3.12.0', revision: '7c6e0b3', time: '2018-05-08T14:04:26.12Z'
System info: host: 'RC-PC', ip: '192.168.1.51', os.name: 'Windows 10', os.arch: 'amd64', os.version: '10.0', java.version: '1.8.0_161'
Driver info: org.openqa.selenium.chrome.ChromeDriver
Capabilities {acceptInsecureCerts: false, acceptSslCerts: false, applicationCacheEnabled: false, browserConnectionEnabled: false, browserName: chrome, chrome: {chromedriverVersion: 2.43.600210 (68dcf5eebde371..., userDataDir: C:\Users\SBMEDA~1\AppData\L...}, cssSelectorsEnabled: true, databaseEnabled: false, goog:chromeOptions: {debuggerAddress: localhost:51946}, handlesAlerts: true, hasTouchScreen: false, javascriptEnabled: true, locationContextEnabled: true, mobileEmulationEnabled: false, nativeEvents: true, networkConnectionEnabled: false, pageLoadStrategy: normal, platform: XP, platformName: XP, rotatable: false, setWindowRect: true, takesHeapSnapshot: true, takesScreenshot: true, unexpectedAlertBehaviour: , unhandledPromptBehavior: , version: 70.0.3538.110, webStorageEnabled: true}
Session ID: 20e9983a9d0c287ddb29e292ffa2ad5b&#13;
	at sun.reflect.NativeConstructorAccessorImpl.newInstance0(Native Method)&#13;
	at sun.reflect.NativeConstructorAccessorImpl.newInstance(Unknown Source)&#13;
	at sun.reflect.DelegatingConstructorAccessorImpl.newInstance(Unknown Source)&#13;
	at java.lang.reflect.Constructor.newInstance(Unknown Source)&#13;
	at org.openqa.selenium.remote.ErrorHandler.createThrowable(ErrorHandler.java:214)&#13;
	at org.openqa.selenium.remote.ErrorHandler.throwIfResponseFailed(ErrorHandler.java:166)&#13;
	at org.openqa.selenium.remote.http.JsonHttpResponseCodec.reconstructValue(JsonHttpResponseCodec.java:40)&#13;
	at org.openqa.selenium.remote.http.AbstractHttpResponseCodec.decode(AbstractHttpResponseCodec.java:80)&#13;
	at org.openqa.selenium.remote.http.AbstractHttpResponseCodec.decode(AbstractHttpResponseCodec.java:44)&#13;
	at org.openqa.selenium.remote.HttpCommandExecutor.execute(HttpCommandExecutor.java:158)&#13;
	at org.openqa.selenium.remote.service.DriverCommandExecutor.execute(DriverCommandExecutor.java:83)&#13;
	at org.openqa.selenium.remote.RemoteWebDriver.execute(RemoteWebDriver.java:543)&#13;
	at org.openqa.selenium.remote.RemoteWebDriver.get(RemoteWebDriver.java:271)&#13;
	at net.thucydides.core.webdriver.WebDriverFacade.get(WebDriverFacade.java:181)&#13;
	at net.serenitybdd.core.pages.PageObject.openPageAtUrl(PageObject.java:860)&#13;
	at net.serenitybdd.core.pages.PageObject.open(PageObject.java:761)&#13;
	at net.serenitybdd.core.pages.PageObject.open(PageObject.java:749)&#13;
	at net.serenitybdd.screenplay.actions.OpenPage.performAs(OpenPage.java:22)&#13;
	at net.serenitybdd.screenplay.actions.OpenPage$$EnhancerByCGLIB$$dba123b6.CGLIB$performAs$0(&lt;generated&gt;)&#13;
	at net.serenitybdd.screenplay.actions.OpenPage$$EnhancerByCGLIB$$dba123b6$$FastClassByCGLIB$$785f3e13.invoke(&lt;generated&gt;)&#13;
	at net.sf.cglib.proxy.MethodProxy.invokeSuper(MethodProxy.java:228)&#13;
	at net.thucydides.core.steps.StepInterceptor.invokeMethod(StepInterceptor.java:449)&#13;
	at net.thucydides.core.steps.StepInterceptor.executeTestStepMethod(StepInterceptor.java:434)&#13;
	at net.thucydides.core.steps.StepInterceptor.runTestStep(StepInterceptor.java:409)&#13;
	at net.thucydides.core.steps.StepInterceptor.runOrSkipMethod(StepInterceptor.java:150)&#13;
	at net.thucydides.core.steps.StepInterceptor.testStepResult(StepInterceptor.java:137)&#13;
	at net.thucydides.core.steps.StepInterceptor.intercept(StepInterceptor.java:68)&#13;
	at net.serenitybdd.screenplay.actions.OpenPage$$EnhancerByCGLIB$$dba123b6.performAs(&lt;generated&gt;)&#13;
	at net.serenitybdd.screenplay.Actor.perform(Actor.java:106)&#13;
	at net.serenitybdd.screenplay.Actor.attemptsTo(Actor.java:90)&#13;
	at com.latam.certification.tasks.OpenTheApplication.performAs(OpenTheApplication.java:27)&#13;
	at com.latam.certification.tasks.OpenTheApplication$$EnhancerByCGLIB$$dd2ddb53.CGLIB$performAs$0(&lt;generated&gt;)&#13;
	at com.latam.certification.tasks.OpenTheApplication$$EnhancerByCGLIB$$dd2ddb53$$FastClassByCGLIB$$865b8867.invoke(&lt;generated&gt;)&#13;
	at net.sf.cglib.proxy.MethodProxy.invokeSuper(MethodProxy.java:228)&#13;
	at net.thucydides.core.steps.StepInterceptor.invokeMethod(StepInterceptor.java:449)&#13;
	at net.thucydides.core.steps.StepInterceptor.executeTestStepMethod(StepInterceptor.java:434)&#13;
	at net.thucydides.core.steps.StepInterceptor.runTestStep(StepInterceptor.java:409)&#13;
	at net.thucydides.core.steps.StepInterceptor.runOrSkipMethod(StepInterceptor.java:150)&#13;
	at net.thucydides.core.steps.StepInterceptor.testStepResult(StepInterceptor.java:137)&#13;
	at net.thucydides.core.steps.StepInterceptor.intercept(StepInterceptor.java:68)&#13;
	at com.latam.certification.tasks.OpenTheApplication$$EnhancerByCGLIB$$dd2ddb53.performAs(&lt;generated&gt;)&#13;
	at net.serenitybdd.screenplay.Actor.perform(Actor.java:106)&#13;
	at net.serenitybdd.screenplay.Actor.attemptsTo(Actor.java:90)&#13;
	at net.serenitybdd.screenplay.Actor.wasAbleTo(Actor.java:84)&#13;
	at com.latam.certification.stepdefinitions.LoginStepDefinitions.thatAliceWantedToLogin(LoginStepDefinitions.java:54)&#13;
	at âœ½.that alice wanted to login(src/test/resources/features/login.feature:30)&#13;
&#13;
</error>
      </testcase>
      <testcase name="UnSuccessful Login in Latam" classname="Login in LATAM" time="44.773">
        <failure>java.lang.AssertionError: Without connection to the network - org.openqa.selenium.WebDriverException: chrome not reachable
  (Session info: chrome=70.0.3538.110)
  (Driver info: chromedriver=2.43.600210 (68dcf5eebde37173d4027fa8635e332711d2874a),platform=Windows NT 10.0.17134 x86_64) (WARNING: The server did not provide any stacktrace information)
Command duration or timeout: 0 milliseconds
Build info: version: '3.12.0', revision: '7c6e0b3', time: '2018-05-08T14:04:26.12Z'
System info: host: 'RC-PC', ip: '192.168.1.51', os.name: 'Windows 10', os.arch: 'amd64', os.version: '10.0', java.version: '1.8.0_161'
Driver info: org.openqa.selenium.remote.RemoteWebDriver
Capabilities {acceptInsecureCerts: false, acceptSslCerts: false, applicationCacheEnabled: false, browserConnectionEnabled: false, browserName: chrome, chrome: {chromedriverVersion: 2.43.600210 (68dcf5eebde371..., userDataDir: C:\Users\SBMEDA~1\AppData\L...}, cssSelectorsEnabled: true, databaseEnabled: false, goog:chromeOptions: {debuggerAddress: localhost:52163}, handlesAlerts: true, hasTouchScreen: false, javascriptEnabled: true, locationContextEnabled: true, mobileEmulationEnabled: false, nativeEvents: true, networkConnectionEnabled: false, pageLoadStrategy: normal, platform: XP, platformName: XP, rotatable: false, setWindowRect: true, takesHeapSnapshot: true, takesScreenshot: true, unexpectedAlertBehaviour: , unhandledPromptBehavior: , version: 70.0.3538.110, webStorageEnabled: true}
Session ID: 50907acc5fb065b1f4867637011f4118
*** Element info: {Using=xpath, value=//img[@class='Header-logoImg Header-mainLogo']}&#13;
	at net.serenitybdd.screenplay.ErrorTally.throwSummaryExceptionFrom(ErrorTally.java:36)&#13;
	at net.serenitybdd.screenplay.ErrorTally.reportAnyErrors(ErrorTally.java:30)&#13;
	at net.serenitybdd.screenplay.Actor.should(Actor.java:187)&#13;
	at com.latam.certification.tasks.OpenTheApplication.performAs(OpenTheApplication.java:30)&#13;
	at com.latam.certification.tasks.OpenTheApplication$$EnhancerByCGLIB$$dd2ddb53.CGLIB$performAs$0(&lt;generated&gt;)&#13;
	at com.latam.certification.tasks.OpenTheApplication$$EnhancerByCGLIB$$dd2ddb53$$FastClassByCGLIB$$865b8867.invoke(&lt;generated&gt;)&#13;
	at net.sf.cglib.proxy.MethodProxy.invokeSuper(MethodProxy.java:228)&#13;
	at net.thucydides.core.steps.StepInterceptor.invokeMethod(StepInterceptor.java:449)&#13;
	at net.thucydides.core.steps.StepInterceptor.executeTestStepMethod(StepInterceptor.java:434)&#13;
	at net.thucydides.core.steps.StepInterceptor.runTestStep(StepInterceptor.java:409)&#13;
	at net.thucydides.core.steps.StepInterceptor.runOrSkipMethod(StepInterceptor.java:150)&#13;
	at net.thucydides.core.steps.StepInterceptor.testStepResult(StepInterceptor.java:137)&#13;
	at net.thucydides.core.steps.StepInterceptor.intercept(StepInterceptor.java:68)&#13;
	at com.latam.certification.tasks.OpenTheApplication$$EnhancerByCGLIB$$dd2ddb53.performAs(&lt;generated&gt;)&#13;
	at net.serenitybdd.screenplay.Actor.perform(Actor.java:106)&#13;
	at net.serenitybdd.screenplay.Actor.attemptsTo(Actor.java:90)&#13;
	at net.serenitybdd.screenplay.Actor.wasAbleTo(Actor.java:84)&#13;
	at com.latam.certification.stepdefinitions.LoginStepDefinitions.thatAliceWantedToLogin(LoginStepDefinitions.java:54)&#13;
	at âœ½.that alice wanted to login(src/test/resources/features/login.feature:39)&#13;
&#13;
</failure>
      </testcase>
    </testsuite>
  </testsuite>
</testrun>
