<!DOCTYPE html>
<html>
<head>
<meta http-equiv="Content-Type" content="text/html; charset=utf-8"/>
<meta http-equiv="x-ua-compatible" content="IE=edge"/>
<title>Test results - Class Login in LATAM</title>
<link href="../css/base-style.css" rel="stylesheet" type="text/css"/>
<link href="../css/style.css" rel="stylesheet" type="text/css"/>
<script src="../js/report.js" type="text/javascript"></script>
</head>
<body>
<div id="content">
<h1>Class Login in LATAM</h1>
<div class="breadcrumbs">
<a href="../index.html">all</a> &gt; 
<a href="../packages/default-package.html">default-package</a> &gt; Login in LATAM</div>
<div id="summary">
<table>
<tr>
<td>
<div class="summaryGroup">
<table>
<tr>
<td>
<div class="infoBox" id="tests">
<div class="counter">4</div>
<p>tests</p>
</div>
</td>
<td>
<div class="infoBox" id="failures">
<div class="counter">3</div>
<p>failures</p>
</div>
</td>
<td>
<div class="infoBox" id="ignored">
<div class="counter">0</div>
<p>ignored</p>
</div>
</td>
<td>
<div class="infoBox" id="duration">
<div class="counter">3m25.82s</div>
<p>duration</p>
</div>
</td>
</tr>
</table>
</div>
</td>
<td>
<div class="infoBox failures" id="successRate">
<div class="percent">25%</div>
<p>successful</p>
</div>
</td>
</tr>
</table>
</div>
<div id="tabs">
<ul class="tabLinks">
<li>
<a href="#tab0">Failed tests</a>
</li>
<li>
<a href="#tab1">Tests</a>
</li>
<li>
<a href="#tab2">Standard output</a>
</li>
<li>
<a href="#tab3">Standard error</a>
</li>
</ul>
<div id="tab0" class="tab">
<h2>Failed tests</h2>
<div class="test">
<a name="UnSuccessful Login in Latam"></a>
<h3 class="failures">UnSuccessful Login in Latam</h3>
<span class="code">
<pre>java.lang.AssertionError: Wrong credentials login - Expected net.serenitybdd.screenplay.QuestionSubject@77fe5087
Expected: is &lt;true&gt;
     but: was &lt;false&gt;
	at net.serenitybdd.screenplay.ErrorTally.throwSummaryExceptionFrom(ErrorTally.java:36)
	at net.serenitybdd.screenplay.ErrorTally.reportAnyErrors(ErrorTally.java:30)
	at net.serenitybdd.screenplay.Actor.should(Actor.java:187)
	at com.latam.certification.stepdefinitions.LoginStepDefinitions.sheWillVerifyThatSheEnteredCorrectly(LoginStepDefinitions.java:84)
	at ✽.she will verify that she entered correctly(src/test/resources/features/login.feature:43)
</pre>
</span>
</div>
<div class="test">
<a name="UnSuccessful Login in Latam"></a>
<h3 class="failures">UnSuccessful Login in Latam</h3>
<span class="code">
<pre>java.lang.AssertionError: Wrong credentials login - Expected net.serenitybdd.screenplay.QuestionSubject@469ad37
Expected: is &lt;true&gt;
     but: was &lt;false&gt;
	at net.serenitybdd.screenplay.ErrorTally.throwSummaryExceptionFrom(ErrorTally.java:36)
	at net.serenitybdd.screenplay.ErrorTally.reportAnyErrors(ErrorTally.java:30)
	at net.serenitybdd.screenplay.Actor.should(Actor.java:187)
	at com.latam.certification.stepdefinitions.LoginStepDefinitions.sheWillVerifyThatSheEnteredCorrectly(LoginStepDefinitions.java:84)
	at ✽.she will verify that she entered correctly(src/test/resources/features/login.feature:25)
</pre>
</span>
</div>
<div class="test">
<a name="UnSuccessful Login in Latam"></a>
<h3 class="failures">UnSuccessful Login in Latam</h3>
<span class="code">
<pre>java.lang.AssertionError: Wrong credentials login - Expected net.serenitybdd.screenplay.QuestionSubject@2303ff0e
Expected: is &lt;true&gt;
     but: was &lt;false&gt;
	at net.serenitybdd.screenplay.ErrorTally.throwSummaryExceptionFrom(ErrorTally.java:36)
	at net.serenitybdd.screenplay.ErrorTally.reportAnyErrors(ErrorTally.java:30)
	at net.serenitybdd.screenplay.Actor.should(Actor.java:187)
	at com.latam.certification.stepdefinitions.LoginStepDefinitions.sheWillVerifyThatSheEnteredCorrectly(LoginStepDefinitions.java:84)
	at ✽.she will verify that she entered correctly(src/test/resources/features/login.feature:34)
</pre>
</span>
</div>
</div>
<div id="tab1" class="tab">
<h2>Tests</h2>
<table>
<thead>
<tr>
<th>Test</th>
<th>Duration</th>
<th>Result</th>
</tr>
</thead>
<tr>
<td class="success">Successful Login in Latam</td>
<td class="success">44.014s</td>
<td class="success">passed</td>
</tr>
<tr>
<td class="failures">UnSuccessful Login in Latam</td>
<td class="failures">52.604s</td>
<td class="failures">failed</td>
</tr>
<tr>
<td class="failures">UnSuccessful Login in Latam</td>
<td class="failures">55.349s</td>
<td class="failures">failed</td>
</tr>
<tr>
<td class="failures">UnSuccessful Login in Latam</td>
<td class="failures">53.849s</td>
<td class="failures">failed</td>
</tr>
</table>
</div>
<div id="tab2" class="tab">
<h2>Standard output</h2>
<span class="code">
<pre>    ?[32mGiven ?[0m?[32mthat alice wanted to login?[0m                    ?[90m# LoginStepDefinitions.thatAliceWantedToLogin()?[0m
    ?[32mWhen ?[0m?[32mshe enters to her account with her information?[0m ?[90m# LoginStepDefinitions.sheEntersToHerAccountWithHerInformation(LoginModel&gt;)?[0m
    ?[32mThen ?[0m?[32mshe will verify that she entered correctly?[0m     ?[90m# LoginStepDefinitions.sheWillVerifyThatSheEnteredCorrectly()?[0m
    ?[32mGiven ?[0m?[32mthat alice wanted to login?[0m                    ?[90m# LoginStepDefinitions.thatAliceWantedToLogin()?[0m
    ?[32mWhen ?[0m?[32mshe enters to her account with her information?[0m ?[90m# LoginStepDefinitions.sheEntersToHerAccountWithHerInformation(LoginModel&gt;)?[0m
    ?[31mThen ?[0m?[31mshe will verify that she entered correctly?[0m     ?[90m# LoginStepDefinitions.sheWillVerifyThatSheEnteredCorrectly()?[0m
      ?[31mjava.lang.AssertionError: Wrong credentials login - Expected net.serenitybdd.screenplay.QuestionSubject@469ad37
Expected: is &lt;true&gt;
     but: was &lt;false&gt;
	at net.serenitybdd.screenplay.ErrorTally.throwSummaryExceptionFrom(ErrorTally.java:36)
	at net.serenitybdd.screenplay.ErrorTally.reportAnyErrors(ErrorTally.java:30)
	at net.serenitybdd.screenplay.Actor.should(Actor.java:187)
	at com.latam.certification.stepdefinitions.LoginStepDefinitions.sheWillVerifyThatSheEnteredCorrectly(LoginStepDefinitions.java:84)
	at ?.she will verify that she entered correctly(src/test/resources/features/login.feature:25)
?[0m
    ?[32mGiven ?[0m?[32mthat alice wanted to login?[0m                    ?[90m# LoginStepDefinitions.thatAliceWantedToLogin()?[0m
    ?[32mWhen ?[0m?[32mshe enters to her account with her information?[0m ?[90m# LoginStepDefinitions.sheEntersToHerAccountWithHerInformation(LoginModel&gt;)?[0m
    ?[31mThen ?[0m?[31mshe will verify that she entered correctly?[0m     ?[90m# LoginStepDefinitions.sheWillVerifyThatSheEnteredCorrectly()?[0m
      ?[31mjava.lang.AssertionError: Wrong credentials login - Expected net.serenitybdd.screenplay.QuestionSubject@2303ff0e
Expected: is &lt;true&gt;
     but: was &lt;false&gt;
	at net.serenitybdd.screenplay.ErrorTally.throwSummaryExceptionFrom(ErrorTally.java:36)
	at net.serenitybdd.screenplay.ErrorTally.reportAnyErrors(ErrorTally.java:30)
	at net.serenitybdd.screenplay.Actor.should(Actor.java:187)
	at com.latam.certification.stepdefinitions.LoginStepDefinitions.sheWillVerifyThatSheEnteredCorrectly(LoginStepDefinitions.java:84)
	at ?.she will verify that she entered correctly(src/test/resources/features/login.feature:34)
?[0m
    ?[32mGiven ?[0m?[32mthat alice wanted to login?[0m                    ?[90m# LoginStepDefinitions.thatAliceWantedToLogin()?[0m
    ?[32mWhen ?[0m?[32mshe enters to her account with her information?[0m ?[90m# LoginStepDefinitions.sheEntersToHerAccountWithHerInformation(LoginModel&gt;)?[0m
    ?[31mThen ?[0m?[31mshe will verify that she entered correctly?[0m     ?[90m# LoginStepDefinitions.sheWillVerifyThatSheEnteredCorrectly()?[0m
      ?[31mjava.lang.AssertionError: Wrong credentials login - Expected net.serenitybdd.screenplay.QuestionSubject@77fe5087
Expected: is &lt;true&gt;
     but: was &lt;false&gt;
	at net.serenitybdd.screenplay.ErrorTally.throwSummaryExceptionFrom(ErrorTally.java:36)
	at net.serenitybdd.screenplay.ErrorTally.reportAnyErrors(ErrorTally.java:30)
	at net.serenitybdd.screenplay.Actor.should(Actor.java:187)
	at com.latam.certification.stepdefinitions.LoginStepDefinitions.sheWillVerifyThatSheEnteredCorrectly(LoginStepDefinitions.java:84)
	at ?.she will verify that she entered correctly(src/test/resources/features/login.feature:43)
?[0m
</pre>
</span>
</div>
<div id="tab3" class="tab">
<h2>Standard error</h2>
<span class="code">
<pre>dic 03, 2018 2:04:55 AM org.openqa.selenium.remote.DesiredCapabilities chrome
INFORMACIÓN: Using `new ChromeOptions()` is preferred to `DesiredCapabilities.chrome()`
dic 03, 2018 2:04:56 AM org.openqa.selenium.remote.ProtocolHandshake createSession
INFORMACIÓN: Detected dialect: OSS
[Test worker] INFO net.thucydides.core.steps.ConsoleLoggingListener - 
        __    _____ _____ ____ _____   ____   _    ____  ____  _____ ____  
  _     \ \  |_   _| ____/ ___|_   _| |  _ \ / \  / ___|/ ___|| ____|  _ \ 
 (_)_____| |   | | |  _| \___ \ | |   | |_) / _ \ \___ \\___ \|  _| | | | |
  _|_____| |   | | | |___ ___) || |   |  __/ ___ \ ___) |___) | |___| |_| |
 (_)     | |   |_| |_____|____/ |_|   |_| /_/   \_\____/|____/|_____|____/ 
        /_/                                                                

TEST PASSED: Successful Login in Latam
----------------------------------------------------------------------------
dic 03, 2018 2:05:39 AM org.openqa.selenium.remote.DesiredCapabilities chrome
INFORMACIÓN: Using `new ChromeOptions()` is preferred to `DesiredCapabilities.chrome()`
dic 03, 2018 2:05:40 AM org.openqa.selenium.remote.ProtocolHandshake createSession
INFORMACIÓN: Detected dialect: OSS
[Test worker] ERROR net.thucydides.core.steps.ConsoleLoggingListener - 
           __  _____ _____ ____ _____   _____ _    ___ _     _____ ____  
  _       / / |_   _| ____/ ___|_   _| |  ___/ \  |_ _| |   | ____|  _ \ 
 (_)_____| |    | | |  _| \___ \ | |   | |_ / _ \  | || |   |  _| | | | |
  _|_____| |    | | | |___ ___) || |   |  _/ ___ \ | || |___| |___| |_| |
 (_)     | |    |_| |_____|____/ |_|   |_|/_/   \_\___|_____|_____|____/ 
          \_\                                                            

TEST FAILED: UnSuccessful Login in Latam
--------------------------------------------------------------------------
[Test worker] ERROR net.thucydides.core.steps.ConsoleLoggingListener - TEST FAILED AT STEP Then user name header
[Test worker] ERROR net.thucydides.core.steps.ConsoleLoggingListener - Wrong credentials login - Expected net.serenitybdd.screenplay.QuestionSubject@469ad37Expected: is &lt;true&gt; but: was &lt;false&gt;
dic 03, 2018 2:06:34 AM org.openqa.selenium.remote.DesiredCapabilities chrome
INFORMACIÓN: Using `new ChromeOptions()` is preferred to `DesiredCapabilities.chrome()`
dic 03, 2018 2:06:36 AM org.openqa.selenium.remote.ProtocolHandshake createSession
INFORMACIÓN: Detected dialect: OSS
[Test worker] ERROR net.thucydides.core.steps.ConsoleLoggingListener - 
           __  _____ _____ ____ _____   _____ _    ___ _     _____ ____  
  _       / / |_   _| ____/ ___|_   _| |  ___/ \  |_ _| |   | ____|  _ \ 
 (_)_____| |    | | |  _| \___ \ | |   | |_ / _ \  | || |   |  _| | | | |
  _|_____| |    | | | |___ ___) || |   |  _/ ___ \ | || |___| |___| |_| |
 (_)     | |    |_| |_____|____/ |_|   |_|/_/   \_\___|_____|_____|____/ 
          \_\                                                            

TEST FAILED: UnSuccessful Login in Latam
--------------------------------------------------------------------------
[Test worker] ERROR net.thucydides.core.steps.ConsoleLoggingListener - TEST FAILED AT STEP Then user name header
[Test worker] ERROR net.thucydides.core.steps.ConsoleLoggingListener - Wrong credentials login - Expected net.serenitybdd.screenplay.QuestionSubject@469ad37Expected: is &lt;true&gt; but: was &lt;false&gt;
dic 03, 2018 2:07:28 AM org.openqa.selenium.remote.DesiredCapabilities chrome
INFORMACIÓN: Using `new ChromeOptions()` is preferred to `DesiredCapabilities.chrome()`
dic 03, 2018 2:07:30 AM org.openqa.selenium.remote.ProtocolHandshake createSession
INFORMACIÓN: Detected dialect: OSS
[Test worker] ERROR net.thucydides.core.steps.ConsoleLoggingListener - 
           __  _____ _____ ____ _____   _____ _    ___ _     _____ ____  
  _       / / |_   _| ____/ ___|_   _| |  ___/ \  |_ _| |   | ____|  _ \ 
 (_)_____| |    | | |  _| \___ \ | |   | |_ / _ \  | || |   |  _| | | | |
  _|_____| |    | | | |___ ___) || |   |  _/ ___ \ | || |___| |___| |_| |
 (_)     | |    |_| |_____|____/ |_|   |_|/_/   \_\___|_____|_____|____/ 
          \_\                                                            

TEST FAILED: UnSuccessful Login in Latam
--------------------------------------------------------------------------
[Test worker] ERROR net.thucydides.core.steps.ConsoleLoggingListener - TEST FAILED AT STEP Then user name header
[Test worker] ERROR net.thucydides.core.steps.ConsoleLoggingListener - Wrong credentials login - Expected net.serenitybdd.screenplay.QuestionSubject@469ad37Expected: is &lt;true&gt; but: was &lt;false&gt;
</pre>
</span>
</div>
</div>
<div id="footer">
<p>
<div>
<label class="hidden" id="label-for-line-wrapping-toggle" for="line-wrapping-toggle">Wrap lines
<input id="line-wrapping-toggle" type="checkbox" autocomplete="off"/>
</label>
</div>Generated by 
<a href="http://www.gradle.org">Gradle 4.10.2</a> at 3/12/2018 02:12:07 AM</p>
</div>
</div>
</body>
</html>
